#### F:\leela\lc0-v0.20.2-t40B\lc0.exe nodes=100
result; iccfMove(s); nodes used; position_id; toPlay; pvList; piece_count; agreementNodesList
1, cxd4, 132, 1, W, [["cxd4", "-35"], ["Ncxd4", "-64"], ["Nfxd4", "-100"]],[3, -6, 132], 27, 41800
1, Bd6, 160, 2, W, [["Bd6", "108"], ["Ba7", "-95"], ["Kg2", "-121"]],[3], 17, 41800
0, Ke1, 127, 3, W, [["Kg1", "142"], ["R1c2", "96"], ["R5c2", "84"]],[], 22, 41800
0, Kg2, 132, 4, W, [["b6", "160"], ["Kg2", "159"], ["Bd6", "124"]],[19, -30], 12, 41800
1, Bg8, 129, 5, W, [["Bg8", "128"], ["Bc3", "102"], ["Ke2", "29"]],[3], 16, 41800
1, Nd2, 128, 6, W, [["Nd2", "75"], ["c5", "30"], ["Rc1", "-21"]],[3], 21, 41800
0, Be7, 126, 7, W, [["Bb4", "10"], ["f3", "6"], ["R1d2", "3"]],[], 18, 41800
1, Rfb1, 162, 8, W, [["Rfb1", "91"], ["Rab1", "80"], ["Bxa7", "-76"]],[162], 24, 41800
1, Nf3, 105, 9, W, [["Nf3", "88"], ["Nd5", "92"], ["f4", "55"]],[16], 30, 41800
0, Ra1, 125, 10, W, [["Qc1", "351"], ["Ra1", "165"], ["Re1", "230"]],[], 28, 41800
1, Bxf3, 141, 11, W, [["Bxf3", "-6"], ["Be4+", "-81"], ["Qd3+", "-648"]],[4, -8, 66], 16, 41800
0, Ba4, 113, 12, W, [["Re1", "20"], ["Ba4", "24"], ["Nxb6", "20"]],[], 32, 41800
1, O-O c4, 122, 13, W, [["O-O", "32"], ["d3", "31"], ["Ne5", "39"]],[5, -13, 30], 32, 41800
1, Qc1, 108, 14, W, [["Qc1", "-30"], ["Qb3", "-64"], ["h3", "-88"]],[4, -10, 56], 26, 41800
0, Kxc3, 157, 15, W, [["Bxc3", "42"], ["Kxc3", "-44"], ["h4", "-30"]],[], 16, 41800
0, Rb3, 159, 16, W, [["Qc4", "-54"], ["Rb3", "-36"], ["Rb2", "-223"]],[], 26, 41800
0, c4, 162, 17, W, [["Raf1", "28"], ["a5", "17"], ["b4", "16"]],[], 28, 41800
1, Rb2, 139, 18, W, [["Rb2", "0"], ["Rb4", "-18"], ["Ra3", "-87"]],[139], 24, 41800
0, Kh2, 120, 19, W, [["Kf2", "176"], ["Kh2", "184"], ["Kg1", "174"]],[13, -120], 11, 41800
0, g3, 118, 20, W, [["Qe4", "50"], ["Rd3", "66"], ["g3", "47"]],[], 26, 41800
1, Nxe5, 124, 21, W, [["Nxe5", "85"], ["Nf5", "5"], ["bxa5", "9"]],[31], 26, 41800
1, Rxc5, 166, 22, W, [["Rxc5", "19"], ["dxc5", "-9"], ["a3", "0"]],[3], 21, 41800
1, bxa5, 116, 23, W, [["bxa5", "83"], ["Be2", "-14"], ["Qe2", "-22"]],[79], 24, 41800
1, Bf4, 126, 24, W, [["Bf4", "646"], ["Be2", "-55"], ["Bg4", "-476"]],[3], 19, 41800
0, Kh1, 108, 25, W, [["Rfe1", "87"], ["a6", "20"], ["f4", "11"]],[], 23, 41800
0, Bd3, 114, 26, W, [["Ka1", "172"], ["Rd6", "165"], ["Bd3", "117"]],[10, -26], 22, 41800
1, Qe2, 119, 27, W, [["Qe2", "57"], ["Bxb5", "-19"], ["a6", "-40"]],[3], 23, 41800
1, b4, 117, 28, W, [["b4", "116"], ["Qc3", "122"], ["h3", "111"]],[5, -15, 43], 30, 41800
1, bxa3, 103, 29, W, [["bxa3", "53"], ["Rxd7", "-43"], ["Rc1", "0"]],[103], 19, 41800
0, Kf1, 141, 30, W, [["f4", "-56"], ["Kf1", "-98"], ["g3", "-82"]],[], 21, 41800
0, Kg1, 107, 31, W, [["Nd5", "86"], ["b4", "58"], ["Qd6", "53"]],[], 24, 41800
1, Qb3, 227, 32, W, [["Qb3", "-67"], ["Qc1", "-55"], ["Qe1", "-56"]],[2], 21, 41800
1, O-O, 148, 33, W, [["O-O", "33"], ["Rc1", "12"], ["cxd5", "0"]],[2], 32, 41800
0, Qe2, 116, 34, W, [["a5", "86"], ["Qc3", "79"], ["Re1", "75"]],[], 17, 41800
0, c5, 100, 35, W, [["Rxe5", "192"], ["c5", "192"], ["Qd2", "182"]],[5, -9], 14, 41800
0, Nc3, 136, 36, W, [["f3", "46"], ["Nd4", "47"], ["Na3", "37"]],[], 21, 41800
1, Re1, 114, 37, W, [["Re1", "29"], ["Nxd5", "43"], ["Qd2", "11"]],[3], 28, 41800
0, Rd1, 163, 38, W, [["Qb2", "8"], ["a5", "-11"], ["Qf3", "16"]],[], 17, 41800
1, Nf1, 132, 39, W, [["Nf1", "106"], ["Ndf3", "46"], ["Kh2", "50"]],[5, -18, 92], 30, 41800
0, Qd3, 133, 40, W, [["Qb2", "53"], ["Qd3", "65"], ["Qb3", "40"]],[], 23, 41800
1, Qb2, 101, 41, W, [["Qb2", "138"], ["Qb4", "25"], ["Qa5", "-22"]],[5, -17, 45], 17, 41800
0, exd5, 111, 42, W, [["O-O", "9"], ["exd5", "-1"], ["Bg5", "11"]],[5, -8], 32, 41800
1, Nxc4, 109, 43, W, [["Nxc4", "84"], ["Qxb5", "-189"], ["Qc3", "-154"]],[3], 20, 41800
0, Qc2, 118, 44, W, [["Nc3", "35"], ["Qc2", "23"], ["Na3", "26"]],[4, -8, 34, -70], 31, 41800
1, Rb1, 166, 45, W, [["Rb1", "55"], ["Re1", "-107"], ["Rc1", "-54"]],[5], 20, 41800
0, Nd2, 128, 46, W, [["Ne3", "14"], ["Nd2", "0"], ["a4", "-8"]],[4, -13], 26, 41800
1, Rd1, 175, 47, W, [["Rd1", "65"], ["Rb1", "16"], ["Rc1", "-57"]],[50], 20, 41800
0, h5, 107, 48, W, [["Nxd5", "95"], ["Ne4", "52"], ["Bc1", "7"]],[], 26, 41800
0, Kh1, 132, 49, W, [["Qh4", "62"], ["Qc3", "27"], ["Kh1", "-69"]],[], 22, 41800
1, Qxa5, 100, 50, W, [["Qxa5", "42"], ["Nf7", "13"], ["Nc6", "-30"]],[3], 21, 41800
1, Kf5, 103, 51, W, [["Kf5", "32"], ["d6", "-26"], ["Kxh4", "-257"]],[4, -9, 27], 12, 41800
1, Qc3, 144, 52, W, [["Qc3", "17"], ["Qh4", "23"], ["Nf7", "-47"]],[3, -79, 144], 22, 41800
0, Qg3, 140, 53, W, [["Kh1", "34"], ["Rab1", "40"], ["Qg3", "38"]],[], 23, 41800
1, O-O, 106, 54, W, [["O-O", "86"], ["Qd5", "69"], ["Qe2", "73"]],[4, -10, 26, -47, 106], 29, 41800
0, Ne3, 112, 55, W, [["g3", "81"], ["h4", "57"], ["Ne3", "49"]],[], 22, 41800
0, Bb2, 186, 56, W, [["Na5", "67"], ["Bb2", "47"], ["Rxd8+", "21"]],[], 22, 41800
0, Kh1, 122, 57, W, [["Qd2", "86"], ["Qa4", "105"], ["Nd4", "63"]],[], 26, 41800
0, Bxg7, 116, 58, W, [["Rc1", "57"], ["Bxg7", "37"], ["f3", "30"]],[6, -32, 67, -116], 22, 41800
0, Ne4, 101, 59, W, [["c4", "6"], ["Nf3", "-26"], ["g3", "-124"]],[], 28, 41800
0, Qb2, 159, 60, W, [["Bxa7", "104"], ["Qb2", "84"], ["Nxa7", "76"]],[11, -159], 22, 41800
0, Rb1, 105, 61, W, [["Bc4", "66"], ["Re2", "2"], ["Qf4", "49"]],[], 18, 41800
1, a4, 119, 62, W, [["a4", "55"], ["Qd3", "11"], ["bxa5", "12"]],[5, -11, 49], 28, 41800
0, Be3, 138, 63, W, [["f6", "273"], ["Be3", "136"], ["Nd4", "-44"]],[], 22, 41800
0, Nb5, 117, 64, W, [["Ke4", "43"], ["Bb6", "-20"], ["b5", "-112"]],[], 12, 41800
0, Rc7, 111, 65, W, [["Rb7", "293"], ["Rc7", "256"], ["Bb4", "199"]],[], 12, 41800
1, Rd7+, 109, 66, W, [["Rd7+", "-28"], ["Kg2", "-50"], ["Rd5", "-52"]],[6, -14, 29], 15, 41800
0, Qe1, 109, 67, W, [["Qd3", "137"], ["Qe2", "105"], ["Qe1", "82"]],[], 16, 41800
0, b5, 100, 68, W, [["a6", "-7"], ["Ne4", "-8"], ["Nf3", "-12"]],[], 28, 41800
0, Bg5, 182, 69, W, [["Rc7", "63"], ["Kg3", "56"], ["h4", "47"]],[6, -22], 14, 41800
1, N1d2, 157, 70, W, [["N1d2", "65"], ["h3", "2"], ["Ba4", "72"]],[4, -11, 157], 32, 41800
1, d5, 103, 71, W, [["d5", "123"], ["h3", "59"], ["Ng3", "20"]],[12], 32, 41800
1, Kg1, 136, 72, W, [["Kg1", "702"], ["Rh3", "454"]],[3, -8, 136], 10, 41800
0, Ne2, 137, 73, W, [["Bc1", "41"], ["Ne2", "32"], ["Qe4", "-16"]],[], 25, 41800
1, Bxg7+, 116, 74, W, [["Bxg7+", "-40"], ["O-O-O", "-69"], ["Bd5", "-158"]],[4], 23, 41800
1, Nxd4, 134, 75, W, [["Nxd4", "32"], ["Bxd4", "22"], ["Bg2", "-9"]],[4], 26, 41800
0, Qe7, 125, 76, W, [["Qc3", "129"], ["Qc1", "159"], ["Qg3", "59"]],[], 20, 41800
1, Rxd8, 143, 77, W, [["Rxd8", "86"], ["Bc1", "43"], ["Qe4", "-4"]],[7], 25, 41800
1, Nbd2, 177, 78, W, [["Nbd2", "4"], ["e3", "-7"], ["Nh4", "3"]],[4], 32, 41800
0, Qd2, 107, 79, W, [["Nh5", "143"], ["Rf1", "87"], ["Rac1", "111"]],[], 29, 41800
1, Rd1, 127, 80, W, [["Rd1", "23"], ["f3", "-21"], ["Kf1", "-207"]],[3, -13, 22], 22, 41800
1, Be2, 123, 81, W, [["Be2", "0"], ["Bc4", "-8"], ["Rcd1", "-23"]],[3, -6, 123], 24, 41800
0, Qd5, 115, 82, W, [["Qg2", "303"], ["Qd5", "314"], ["Qe4", "161"]],[5, -12], 18, 41800
0, Rcd1, 105, 83, W, [["Nxd4", "30"], ["Ba3", "-14"], ["Bxd4", "-180"]],[], 26, 41800
0, Qe2, 101, 84, W, [["f4", "93"], ["Qg3", "58"], ["h4", "16"]],[], 18, 41800
0, Ba2, 120, 85, W, [["f4", "33"], ["f3", "30"], ["Bf4", "29"]],[], 18, 41800
0, Ra2, 108, 86, W, [["Qc2", "111"], ["Ra2", "37"], ["h3", "26"]],[6, -19], 24, 41800
1, Qc5, 107, 87, W, [["Qc5", "220"], ["Re7+", "129"], ["Rxe8", "-28"]],[3, -38, 107], 20, 41800
0, h3, 111, 88, W, [["Na6", "79"], ["h3", "66"], ["Re4", "-29"]],[], 25, 41800
0, Rg3+, 135, 89, W, [["Qc5", "95"], ["Rg3+", "115"], ["Rxe8", "3"]],[], 20, 41800
1, b4, 137, 90, W, [["b4", "87"], ["Nde2", "77"], ["Rbc1", "41"]],[29], 28, 41800
0, Rd7, 148, 91, W, [["Bxa6", "-175"], ["Rc7", "-159"], ["Kf2", "-198"]],[], 13, 41800
1, Rd1, 131, 92, W, [["Rd1", "99"], ["Kf1", "86"], ["Re1", "61"]],[6], 25, 41800
0, f4, 120, 93, W, [["Be2", "106"], ["h4", "74"], ["f4", "90"]],[], 30, 41800
1, Qb3, 263, 94, W, [["Qb3", "-23"], ["Qc2", "-34"], ["Qxd6", "-153"]],[4, -8, 44], 23, 41800
1, Rhd1, 134, 95, W, [["Rhd1", "32"], ["c5", "-136"], ["Rbd1", "-65"]],[3], 23, 41800
1, Qxd1, 132, 96, W, [["Qxd1", "-30"], ["Rf1", "-4831"]],[53], 22, 41800
0, Bxb6, 153, 97, W, [["Qd2", "117"], ["Kf1", "68"], ["Qc2", "136"]],[7, -27], 25, 41800
0, Nb6, 135, 98, W, [["Nd6", "182"], ["Nb6", "213"], ["Ne5", "89"]],[], 20, 41800
1, Ba4, 146, 99, W, [["Ba4", "-8"], ["Qd7", "-69"], ["f4", "-67"]],[40], 23, 41800
1, Nc3, 109, 100, W, [["Nc3", "76"], ["O-O", "63"], ["cxd5", "35"]],[4, -9, 91], 30, 41800
1, Kh1, 114, 101, W, [["Kh1", "54"], ["Kg1", "20"], ["f3", "37"]],[114], 26, 41800
0, Qf1, 106, 102, W, [["Qc2", "-1"], ["f3", "15"], ["Kg1", "9"]],[], 26, 41800
0, Rc3, 109, 103, W, [["Ne5", "95"], ["Nf4", "1"], ["h3", "-58"]],[], 28, 41800
1, Qh3, 126, 104, W, [["Qh3", "47"], ["Qg3", "36"], ["Kf1", "-172"]],[5], 20, 41800
1, Nf3, 164, 105, W, [["Nf3", "57"], ["Be3", "4"], ["Bc3", "-47"]],[24], 19, 41800
1, Qxc6, 139, 106, W, [["Qxc6", "27"], ["Qb3", "-11"], ["Qb4", "-16"]],[4, -9, 36], 22, 41800
1, Qb6, 133, 107, W, [["Qb6", "22"], ["Qd7", "-15"], ["Qc3", "2"]],[4], 22, 41800
1, Rxd4, 143, 108, W, [["Rxd4", "101"], ["cxd4", "78"], ["Re5", "-58"]],[5], 22, 41800
0, Bc4, 107, 109, W, [["Bc3", "102"], ["Bc4", "97"], ["Bd3", "41"]],[], 19, 41800
0, d4, 132, 110, W, [["Nc3", "35"], ["d4", "32"], ["Rd1", "28"]],[], 30, 41800
1, Bxa6, 155, 111, W, [["Bxa6", "38"], ["Qf5", "25"], ["Re1", "22"]],[155], 20, 41800
0, Qf3, 281, 112, W, [["Rc6", "89"], ["Qb7", "45"], ["Kf1", "15"]],[], 19, 41800
1, Nh5, 122, 113, W, [["Nh5", "233"], ["Qd7", "102"], ["Rd1", "63"]],[4, -8, 12], 18, 41800
0, Rexe6+, 109, 114, W, [["Rfxe6+", "-21"], ["Nxe6", "-254"], ["Rexe6+", "-190"]],[], 19, 41800
1, Re4, 132, 115, W, [["Re4", "1569"], ["Ne4", "917"], ["Qd8", "2400"]],[3, -7, 63], 24, 41800
0, Ne1, 124, 116, W, [["Rc1", "18"], ["Ra3", "45"], ["Kf1", "16"]],[], 20, 41800
0, f3, 114, 117, W, [["Rc1", "49"], ["b4", "41"], ["Kf1", "24"]],[], 20, 41800
0, Bb2, 102, 118, W, [["Rd1", "1"], ["Rc4", "15"], ["Kg2", "3"]],[], 22, 41800
1, Bf4, 145, 119, W, [["Bf4", "9"], ["b3", "8"], ["h3", "6"]],[91], 30, 41800
0, Bb6, 134, 120, W, [["Bf2", "295"], ["Qe1", "270"], ["Kf1", "253"]],[], 23, 41800
0, Nc3, 154, 121, W, [["Nd4", "112"], ["Nc3", "38"], ["Na7", "80"]],[], 12, 41800
0, Qa4, 101, 122, W, [["Qd5", "110"], ["Qxg6+", "9"], ["Qf4", "62"]],[], 16, 41800
0, Rae1, 107, 123, W, [["Nc3", "-7"], ["Qc4", "-98"], ["a4", "-105"]],[], 22, 41800
1, Bf2, 117, 124, W, [["Bf2", "12"], ["Kh2", "-91"], ["Rf2", "-267"]],[3], 24, 41800
0, Nd5, 134, 125, W, [["hxg3", "101"], ["Rxh5", "84"], ["Rf5+", "29"]],[17, -26], 20, 41800
1, Rf2, 142, 126, W, [["Rf2", "89"], ["Bc3", "39"], ["Rc1", "50"]],[4], 25, 41800
1, Re1, 111, 127, W, [["Re1", "152"], ["Qd5", "45"], ["h4", "98"]],[87], 18, 41800
0, Ba5, 186, 128, W, [["Qf1", "93"], ["Qc1", "34"], ["Ba5", "37"]],[], 25, 41800
0, Ne2, 112, 129, W, [["Rf2", "114"], ["Ne2", "145"], ["Nd5", "71"]],[], 25, 41800
0, e5, 140, 130, W, [["Na4", "1337"], ["Qe2", "1251"], ["Qg3", "930"]],[], 26, 41800
1, Bd3, 108, 131, W, [["Bd3", "47"], ["Nd2", "-15"], ["Na5", "-102"]],[4, -24, 43], 22, 41800
1, Bf7, 141, 132, W, [["Bf7", "32"], ["Bg4", "-17"], ["Rg1+", "-25"]],[59], 17, 41800
0, Ne3, 127, 133, W, [["Rae3", "40"], ["hxg3", "-31"], ["Bd5+", "-88"]],[], 20, 41800
1, e4, 105, 134, W, [["e4", "34"], ["Rf2", "-13"], ["Rae1", "-24"]],[4, -14, 105], 26, 41800
1, Bxe4, 143, 135, W, [["Bxe4", "8"], ["Rxe4", "-78"], ["fxe4", "-139"]],[143], 22, 41800
0, a3, 149, 136, W, [["Rad1", "-6"], ["h3", "0"], ["a3", "4"]],[], 28, 41800
1, Rg5+, 134, 137, W, [["Rg5+", "83"], ["hxg3", "-139"], ["Rxh5", "-191"]],[3], 20, 41800
1, Re1, 139, 138, W, [["Re1", "47"], ["Bg3", "47"], ["Nf5", "14"]],[10], 28, 41800
0, Kh2, 126, 139, W, [["Kg2", "49"], ["Kh2", "-7"], ["Kg1", "-1153"]],[22, -23], 15, 41800
1, cxd5, 157, 140, W, [["cxd5", "49"], ["O-O", "-44"], ["Rc1", "-35"]],[3], 30, 41800
0, Rd8, 105, 141, W, [["Rd7+", "-11"], ["Kg2", "-17"], ["Rd5", "-28"]],[], 15, 41800
1, a6, 106, 142, W, [["a6", "56"], ["Bxa7", "4"], ["Bc7", "39"]],[3, -12, 30], 14, 41800
0, g3, 102, 143, W, [["O-O", "132"], ["Bd2", "93"], ["Nb5", "134"]],[], 29, 41800
1, axb5, 155, 144, W, [["axb5", "16"], ["cxb5", "-97"], ["a5", "-134"]],[5, -8, 53], 20, 41800
0, Kh1, 117, 145, W, [["Ncb5", "31"], ["Rac1", "23"], ["Kh1", "48"]],[], 25, 41800
0, Nc1, 138, 146, W, [["Bc7", "-18"], ["Ba7", "-23"], ["f4", "-8"]],[], 20, 41800
1, Bxg4, 110, 147, W, [["Bxg4", "-14"], ["Rxe5+", "-3394"], ["Rxd8", "-7180"]],[110], 15, 41800
0, Ne2, 109, 148, W, [["Bc7", "66"], ["Ne2", "30"], ["Ba7", "13"]],[23, -30], 20, 41800
0, Rxg7, 111, 149, W, [["Rdd2", "-5"], ["Re7", "3"], ["Rxg7", "78"]],[], 16, 41800
1, Ne5, 104, 150, W, [["Ne5", "2"], ["Rb7", "-15"], ["c3", "-23"]],[5], 16, 41800
1, Qxd8, 170, 151, W, [["Qxd8", "-3"], ["Nxf7", "-68"], ["Qxh5", "-400"]],[94], 24, 41800
0, Be4, 100, 152, W, [["Bf3", "84"], ["Bd2", "97"], ["Ne3", "105"]],[], 18, 41800
1, b4, 113, 153, W, [["b4", "86"], ["bxa4", "50"], ["Nxh4", "-33"]],[9], 21, 41800
1, Na6, 125, 154, W, [["Na6", "59"], ["Nd5", "38"], ["Qe4", "-73"]],[5, -50, 52], 20, 41800
1, h3, 123, 155, W, [["h3", "27"], ["Ne1", "31"], ["a3", "-3"]],[29], 26, 41800
0, Nb4, 174, 156, W, [["Be4", "19"], ["Ne3", "20"], ["Nf4", "-25"]],[], 20, 41800
1, f4, 148, 157, W, [["f4", "110"], ["Bxh5", "-52"], ["Kg2", "-98"]],[7], 21, 41800
1, Rb4, 118, 158, W, [["Rb4", "269"], ["Bc6", "240"], ["Bxa4", "17"]],[4], 24, 41800
1, Be6, 112, 159, W, [["Be6", "-8"], ["Nc5", "-19"], ["Bc5", "-60"]],[112], 20, 41800
0, Nd5, 120, 160, W, [["d4", "137"], ["Bxf4", "16"], ["Nd5", "-87"]],[], 31, 41800
1, Qxb7, 130, 161, W, [["Qxb7", "35"], ["Nxb7", "-1395"], ["Bxe5", "-1134"]],[2], 19, 41800
0, h3, 103, 162, W, [["f5", "79"], ["Qxg7", "76"], ["Nxf8", "15"]],[], 21, 41800
0, Nc5, 104, 163, W, [["Qxb7", "37"], ["Nc5", "-357"], ["Bb2", "0"]],[], 19, 41800
0, Qd8, 127, 164, W, [["Qb1", "9"], ["Qd8", "24"], ["Qb4", "16"]],[], 14, 41800
0, Rg1, 161, 165, W, [["Bf5", "797"], ["Rg1", "709"], ["Qe1", "711"]],[8, -26], 20, 41800
1, Nc4, 100, 166, W, [["Nc4", "139"], ["Bb5", "93"], ["Re7", "33"]],[7], 22, 41800
0, Rh1, 329, 167, W, [["Qa5", "690"], ["Rd1", "501"], ["Bf5", "561"]],[], 20, 41800
1, Kg2, 174, 168, W, [["Kg2", "42"], ["b3", "35"], ["Kf1", "35"]],[7], 20, 41800
0, Rb1, 134, 169, W, [["Bb3", "44"], ["Rb1", "25"], ["Nd2", "-40"]],[], 24, 41800
1, f4, 132, 170, W, [["f4", "6"], ["Rxe5", "-141"], ["Bg6+", "22"]],[28], 20, 41800
1, Re8+, 119, 171, W, [["Re8+", "90"], ["Rxc7", "-537"], ["Re2", "0"]],[3], 21, 41800
0, Kg1, 169, 172, W, [["Qa5", "676"], ["Bf5", "570"], ["Rd1", "541"]],[], 20, 41800
0, b3, 100, 173, W, [["Qd3", "116"], ["Rhe1", "39"], ["Qe2", "49"]],[], 20, 41800
0, Qe2, 101, 174, W, [["Rf5", "114"], ["Qe2", "56"], ["Bb4", "37"]],[], 20, 41800
0, Bf5, 120, 175, W, [["Bb4", "80"], ["Bb2", "65"], ["g4", "31"]],[], 20, 41800
0, Bd4, 118, 176, W, [["Be4", "91"], ["g4", "0"], ["Bb2", "28"]],[], 20, 41800
0, Ra6, 152, 177, W, [["Nf5+", "236"], ["Ra7", "208"], ["Ra8", "250"]],[], 22, 41800
1, Qg2, 136, 178, W, [["Qg2", "72"], ["Qe3", "36"], ["Qe1", "12"]],[16, -66, 85], 20, 41800
1, Qh4, 149, 179, W, [["Qh4", "110"], ["Qe2", "9"], ["Qe3", "18"]],[2], 28, 41800
0, Kg2, 147, 180, W, [["Nc5", "35"], ["Kg2", "16"], ["Rc1", "4"]],[], 16, 41800
0, Qc2, 102, 181, W, [["Qd3", "114"], ["Qc2", "105"], ["e4", "32"]],[], 32, 41800
0, Rd1, 121, 182, W, [["Qf2", "208"], ["a3", "211"], ["Bd1", "198"]],[], 22, 41800
1, Qd3, 252, 183, W, [["Qd3", "66"], ["Qf1", "13"], ["Qd2", "-15"]],[39], 25, 41800
1, a5, 171, 184, W, [["a5", "66"], ["b4", "55"], ["Be3", "45"]],[15], 30, 41800
1, d5, 106, 185, W, [["d5", "98"], ["Re7", "59"], ["Kg1", "90"]],[43, -44, 106], 20, 41800
0, Nf6, 141, 186, W, [["Rb2", "335"], ["bxa5", "301"], ["Rd2", "227"]],[], 16, 41800
0, Qc6, 110, 187, W, [["Qe7", "248"], ["Qc6", "123"], ["Nxg6", "-222"]],[16, -42], 20, 41800
0, Nf3, 261, 188, W, [["Nd3", "115"], ["Nf3", "105"], ["Nxd7", "83"]],[], 32, 41800
0, Bd2, 110, 189, W, [["Ne5", "-37"], ["Bd2", "-61"], ["Nh4", "-70"]],[12, -88], 23, 41800
1, Nf3, 107, 190, W, [["Nf3", "-39"], ["Qf3", "-74"], ["d5", "-104"]],[6], 23, 41800
0, f4, 130, 191, W, [["Ra8", "33"], ["Nb3", "27"], ["Re2", "-5"]],[], 23, 41800
0, Qd3, 237, 192, W, [["Rc1", "-2"], ["Qd3", "10"], ["Ra1", "-124"]],[], 20, 41800
1, dxe4, 152, 193, W, [["dxe4", "-90"], ["b6", "-167"], ["Qc2", "-210"]],[9], 23, 41800
0, Nb3, 111, 194, W, [["Bc2", "-118"], ["Ra3", "-124"], ["Bf2", "-191"]],[], 28, 41800
0, Qf1, 265, 195, W, [["Bf1", "17"], ["Bf3", "21"], ["Rc1", "23"]],[], 20, 41800
1, Bb1, 125, 196, W, [["Bb1", "107"], ["Qf3", "14"], ["Bc4", "-16"]],[5], 25, 41800
0, b3, 157, 197, W, [["Rd2", "76"], ["Rda1", "103"], ["Bf1", "54"]],[], 26, 41800
1, Rd2, 112, 198, W, [["Rd2", "-17"], ["Kd1", "-790"], ["Kb1", "-1329"]],[96], 20, 41800
1, Bc3, 141, 199, W, [["Bc3", "139"], ["Bd2", "90"], ["Bc5", "87"]],[86], 16, 41800
1, Kh2, 126, 200, W, [["Kh2", "267"], ["a6", "218"], ["Qc6", "202"]],[11, -26, 126], 13, 41800
0, Kh2, 104, 201, W, [["Re1", "51"], ["Rb1", "36"], ["Rc1", "-10"]],[], 17, 41800
0, Ne4, 102, 202, W, [["Be4", "136"], ["Ne4", "126"], ["e4", "17"]],[], 26, 41800
1, Rxb7, 112, 203, W, [["Rxb7", "30"], ["Nf3", "-11752"], ["Kg1", "-9956"]],[2], 18, 41800
0, Rd1, 101, 204, W, [["Rd2", "8"], ["Bf1", "-48"], ["Rd1", "-1"]],[], 18, 41800
1, Qe7, 122, 205, W, [["Qe7", "-6"], ["Qf3", "-81"], ["Ne6+", "-522"]],[3], 21, 41800
0, Ne3, 105, 206, W, [["Bb2", "41"], ["Ne3", "30"], ["Bb3", "26"]],[], 18, 41800
0, Kf1, 149, 207, W, [["Qa3+", "479"], ["Qg5+", "421"], ["Qc5+", "282"]],[7, -76], 7, 41800
0, Bd2, 147, 208, W, [["Bb2", "36"], ["a4", "30"], ["Bd2", "32"]],[], 18, 41800
0, Bg3, 115, 209, W, [["Rxa6", "9"], ["Bg3", "0"], ["Bxa6", "-352"]],[3, -27], 19, 41800
1, Kg2, 122, 210, W, [["Kg2", "55"], ["Ke2", "-8"], ["Kf4", "-267"]],[3], 18, 41800
1, Qf2, 106, 211, W, [["Qf2", "176"], ["Rd3", "133"], ["Nxb7", "80"]],[5, -14, 19], 21, 41800
0, Nd2, 148, 212, W, [["Qe2", "-39"], ["Qe3", "-59"], ["Nh4", "-53"]],[], 19, 41800
1, Nec3, 112, 213, W, [["Nec3", "77"], ["Nxe7+", "2"], ["a4", "42"]],[3], 30, 41800
1, Re1, 138, 214, W, [["Re1", "-56"], ["Ne5", "-73"], ["Ra8", "-105"]],[56], 21, 41800
1, a3, 134, 215, W, [["a3", "68"], ["Nc3", "11"], ["Re1", "43"]],[58], 30, 41800
1, Nf1, 145, 216, W, [["Nf1", "-32"], ["b3", "-38"], ["Qe3", "-40"]],[42], 19, 41800
0, Qf3, 136, 217, W, [["c3", "-5"], ["h3", "-17"], ["Nf3", "-18"]],[], 26, 41800
0, Bxe1, 193, 218, W, [["Nxe1", "-52"], ["Bxe1", "-57"], ["Qxe1", "-234"]],[], 20, 41800
0, Re3, 112, 219, W, [["Rd2", "276"], ["Rd4", "187"], ["Qd7", "149"]],[], 13, 41800
0, Nd2, 143, 220, W, [["Ne3", "-45"], ["Qe3", "-17"], ["Nd2", "-44"]],[20, -143], 19, 41800
1, h4, 123, 221, W, [["h4", "137"], ["Qd2", "104"], ["Bc4", "118"]],[2], 32, 41800
0, Rxd6, 102, 222, W, [["Bc1", "184"], ["Bd4", "150"], ["Rxd6", "49"]],[], 23, 41800
1, d4, 113, 223, W, [["d4", "44"], ["Bxc6", "14"], ["Bg5", "-18"]],[21], 30, 41800
1, Qg5, 106, 224, W, [["Qg5", "395"], ["Nxe6+", "206"], ["Rxg6+", "-259"]],[90], 20, 41800
0, Qd2, 145, 225, W, [["Rd1", "92"], ["Rf1", "70"], ["Qd4", "99"]],[], 14, 41800
0, Rg1, 120, 226, W, [["Rgg2", "220"], ["Rg1", "209"], ["Rg3", "173"]],[], 14, 41800
1, Nd5, 127, 227, W, [["Nd5", "149"], ["Be3", "0"], ["c5", "4"]],[5], 28, 41800
1, f6+, 118, 228, W, [["f6+", "330"], ["a4", "330"], ["Kb2", "304"]],[5, -26, 118], 17, 41800
0, Bf5, 158, 229, W, [["Ncd5", "64"], ["b3", "56"], ["Kg1", "5"]],[], 24, 41800
1, Rf1, 119, 230, W, [["Rf1", "198"], ["Rg7", "176"], ["Rg5", "156"]],[119], 14, 41800
0, c5, 103, 231, W, [["Bd5", "17"], ["b3", "-62"], ["Qb7", "-145"]],[], 21, 41800
0, Qa2, 110, 232, W, [["Bf5", "777"], ["Bg4", "609"], ["Qe1", "591"]],[], 20, 41800
0, Rc1, 101, 233, W, [["Rd1", "-10"], ["Qxb7", "-24"], ["Rh1", "-20"]],[], 14, 41800
0, Ba3, 109, 234, W, [["Rc1", "-70"], ["Ba3", "-28"], ["e4", "-137"]],[], 24, 41800
1, f4, 108, 235, W, [["f4", "124"], ["Ne2", "53"], ["Qd3", "60"]],[5, -31, 46], 26, 41800
0, Ra1, 104, 236, W, [["Bc3", "33"], ["Ra1", "22"], ["Ng3", "10"]],[42, -104], 26, 41800
1, Qf3, 112, 237, W, [["Qf3", "56"], ["Rxd6", "-25"], ["Qg3", "-51"]],[9], 23, 41800
0, d4, 124, 238, W, [["Ng3", "103"], ["Qf3", "41"], ["d4", "129"]],[], 32, 41800
0, c5, 112, 239, W, [["Ba6", "117"], ["Bc6", "90"], ["c5", "95"]],[], 19, 41800
1, Be2, 114, 240, W, [["Be2", "62"], ["Ke1", "37"], ["Kd1", "31"]],[114], 18, 41800
1, g3, 175, 241, W, [["g3", "44"], ["a4", "37"], ["h3", "29"]],[5, -84, 175], 20, 41800
1, Kd2, 112, 242, W, [["Kd2", "57"], ["Bf1", "20"], ["Ke2", "-95"]],[4, -31, 83], 18, 41800
0, Be1, 148, 243, W, [["Bd4", "95"], ["Be1", "139"], ["Bb4", "64"]],[68, -93], 19, 41800
0, Bc4, 349, 244, W, [["Bf1", "98"], ["Be2", "105"], ["Rxc5", "-34"]],[], 18, 41800
1, Bxe7, 120, 245, W, [["Bxe7", "-40"], ["Bb2", "-90"], ["Bc5", "-344"]],[3, -8, 95], 22, 41800
1, Bd3, 140, 246, W, [["Bd3", "91"], ["Be2", "39"], ["Be3", "25"]],[88], 28, 41800
0, Rexe4, 138, 247, W, [["Rcxe4", "539"], ["Rexe4", "506"], ["fxe4", "340"]],[], 21, 41800
1, Kd1, 126, 248, W, [["Kd1", "195"], ["Kf2", "108"], ["Rd2", "-397"]],[11], 13, 41800
0, fxe4, 133, 249, W, [["Rxe4", "379"], ["fxe4", "444"], ["Qd3", "0"]],[], 19, 41800
0, Rd2, 138, 250, W, [["Rxd8+", "99"], ["Rab1", "60"], ["Rd2", "84"]],[18, -94], 26, 41800
1, Bf2, 168, 251, W, [["Bf2", "318"], ["Qe1", "293"], ["Bc5", "267"]],[28, -61, 168], 23, 41800
0, Rd1, 138, 252, W, [["Re1", "-43"], ["Rd1", "13"], ["Qc5", "-86"]],[], 18, 41800
1, g4, 107, 253, W, [["g4", "914"], ["b4", "524"], ["Bf2", "626"]],[18], 15, 41800
1, Nxb6, 126, 254, W, [["Nxb6", "64"], ["O-O", "62"], ["Bb3", "26"]],[4], 30, 41800
0, c4, 127, 255, W, [["Kg2", "920"], ["gxh5", "954"], ["b4", "849"]],[], 15, 41800
0, f3, 102, 256, W, [["Qe2", "30"], ["Rc1", "3"], ["f3", "2"]],[], 32, 41800
1, hxg4, 115, 257, W, [["hxg4", "486"], ["Rxg4", "144"], ["Re8", "54"]],[3], 14, 41800
0, Be2, 116, 258, W, [["Nc4", "6"], ["Qd2", "36"], ["Bxe5", "-59"]],[], 26, 41800
0, Qe3, 149, 259, W, [["Qd2", "159"], ["Qe3", "134"], ["Kb2", "141"]],[23, -47], 24, 41800
0, Bc5, 121, 260, W, [["Kf1", "871"], ["Rc8", "655"], ["Rg4+", "727"]],[], 15, 41800
0, Rg4+, 144, 261, W, [["Bf2", "487"], ["Bd4", "538"], ["Rg4+", "705"]],[], 15, 41800
0, Bh3, 118, 262, W, [["a4", "38"], ["Rad1", "43"], ["Bh3", "28"]],[], 32, 41800
1, Re4, 115, 263, W, [["Re4", "594"], ["b4", "756"], ["Rd4", "727"]],[115], 15, 41800
0, Rd1, 120, 264, W, [["Re1", "106"], ["Rd1", "172"], ["Nxg5", "53"]],[13, -29], 24, 41800
0, Qd3, 119, 265, W, [["Rxe4", "378"], ["Qd3", "393"], ["Kf1", "310"]],[], 17, 41800
1, h5, 107, 266, W, [["h5", "102"], ["Be5", "-17"], ["Bb8", "-21"]],[5, -15, 25], 19, 41800
0, f5, 139, 267, W, [["Ra2", "258"], ["Rb1", "195"], ["f5", "167"]],[6, -27], 28, 41800
0, Rc5, 159, 268, W, [["Rcf2", "317"], ["a4", "274"], ["Bf5", "211"]],[], 14, 41800
1, Kb1, 174, 269, W, [["Kb1", "240"], ["Rc2", "225"], ["Ka1", "110"]],[4, -27, 49], 14, 41800
0, Bf2, 109, 270, W, [["Bxe8", "-80"], ["Bf2", "-139"], ["Bd4", "-729"]],[], 21, 41800
1, Kg2, 136, 271, W, [["Kg2", "10"], ["Ke4", "34"], ["Ke3", "-33"]],[3, -25, 36, -59, 136], 15, 41800
0, Rb3, 121, 272, W, [["Qf3", "145"], ["Bb5", "84"], ["Kg2", "118"]],[18, -23], 22, 41800
0, Kg2, 161, 273, W, [["Bg8", "-10"], ["Kg2", "-52"], ["Be6", "-98"]],[], 15, 41800
0, R4e2, 123, 274, W, [["Re7", "104"], ["R4e2", "68"], ["Re8", "153"]],[], 14, 41800
0, cxd5, 126, 275, W, [["Ra1", "49"], ["c5", "28"], ["Bf3", "19"]],[], 26, 41800
0, bxa4, 145, 276, W, [["Rb5", "465"], ["bxa4", "466"], ["Rc4", "297"]],[], 14, 41800
1, Nc5, 100, 277, W, [["Nc5", "108"], ["Be1", "118"], ["Bc3", "110"]],[6, -23, 100], 19, 41800
1, Bc2, 128, 278, W, [["Bc2", "335"], ["Kc2", "234"], ["Bc4", "278"]],[7], 14, 41800
1, Nb4, 116, 279, W, [["Nb4", "15"], ["Kc3", "-4"], ["g3", "-24"]],[14], 15, 41800
0, Re1, 130, 280, W, [["Rg1", "297"], ["Rf1", "315"], ["Re1", "195"]],[], 14, 41800
1, Bd4, 117, 281, W, [["Bd4", "-38"], ["Qe2", "-66"], ["Bf4", "-149"]],[15], 20, 41800
0, Rd1, 115, 282, W, [["Rg1", "417"], ["Rfc1", "410"], ["Re1", "304"]],[], 14, 41800
1, Qf8+ Qe8, 154, 283, W, [["Qf8+", "151"], ["Qh8+", "152"], ["b3", "152"]],[3], 19, 41800
0, d5, 166, 284, W, [["h4", "101"], ["Bg2", "88"], ["a4", "14"]],[], 28, 41800
1, Kf5, 131, 285, W, [["Kf5", "63"], ["Be3", "11"], ["Kd5", "-15"]],[2], 12, 41800
0, Nd5, 120, 286, W, [["Ne4", "13"], ["Nd5", "12"], ["Ng4", "11"]],[6, -34], 9, 41800
0, h3, 158, 287, W, [["Qxb7", "26"], ["h3", "-45"], ["Qd5", "-7"]],[], 21, 41800
0, Rxd5, 130, 288, W, [["Bd4", "-58"], ["O-O", "-66"], ["Rh5", "-44"]],[], 21, 41800
1, Qxb8, 123, 289, W, [["Qxb8", "-186"], ["Qd8", "-924"], ["Qe7+", "-1153"]],[2], 13, 41800
0, Rd1, 132, 290, W, [["Bxh7+", "55"], ["Rd1", "30"], ["Qa2", "-664"]],[6, -11], 21, 41800
0, Ke2, 260, 291, W, [["Ne3", "7"], ["Kg2", "6"], ["Ke2", "6"]],[], 9, 41800
1, g5, 156, 292, W, [["g5", "382"], ["Nb1", "336"], ["Nc2", "280"]],[4, -19, 56], 27, 41800
1, Qe3, 108, 293, W, [["Qe3", "86"], ["Qg4", "87"], ["Qc1", "66"]],[11], 20, 41800
0, f4, 104, 294, W, [["Kg2", "11"], ["Nf4", "9"], ["Nb4", "8"]],[], 9, 41800
1, b4, 102, 295, W, [["b4", "31"], ["Bf4", "32"], ["Qc2", "27"]],[5, -16, 39], 30, 41800
0, Qc4, 114, 296, W, [["Qc6", "117"], ["h3", "101"], ["b3", "101"]],[], 20, 41800
1, Be2, 112, 297, W, [["Be2", "132"], ["Kg2", "123"], ["h3", "82"]],[3, -18, 43], 12, 41800
0, Bf3, 141, 298, W, [["Rg1", "14"], ["f3", "-1"], ["Nb3", "7"]],[], 24, 41800
1, a5, 141, 299, W, [["a5", "114"], ["Kg2", "103"], ["Be2", "102"]],[4], 12, 41800
1, O-O, 110, 300, W, [["O-O", "64"], ["Be2", "58"], ["Kf1", "32"]],[2], 28, 41800
0, Qxd1, 116, 301, W, [["Bxd1", "-74"], ["Qxd1", "-95"], ["Bf1", "-10640"]],[4, -9], 20, 41800
1, Nc5, 111, 302, W, [["Nc5", "216"], ["c4", "80"], ["Be6", "7"]],[4], 27, 41800
0, Rd1, 127, 303, W, [["Ke1", "-23"], ["Kc1", "-240"], ["f4", "-341"]],[], 20, 41800
0, Qd1, 122, 304, W, [["Bd6", "190"], ["h4", "160"], ["Bc7", "149"]],[], 19, 41800
0, h5, 139, 305, W, [["Be4+", "768"], ["h5", "893"], ["Ra1", "692"]],[45, -79], 18, 41800
0, b4, 140, 306, W, [["Qc1", "68"], ["b4", "101"], ["g5", "61"]],[], 19, 41800
1, Qe8+, 100, 307, W, [["Qe8+", "147"], ["Rc1", "47"], ["Rf2", "14"]],[5, -13, 51], 21, 41800
0, g4, 151, 308, W, [["Bf3", "59"], ["Qd3", "43"], ["g4", "36"]],[], 19, 41800
1, Qe2, 133, 309, W, [["Qe2", "184"], ["Ne4", "180"], ["Qd4", "115"]],[5], 20, 41800
1, Ndf1, 166, 310, W, [["Ndf1", "163"], ["Ndf3", "180"], ["Nb1", "0"]],[3, -20, 68], 30, 41800
0, a4, 107, 311, W, [["Kg2", "143"], ["a4", "120"], ["Be2", "100"]],[4, -12, 56, -107], 12, 41800
1, d5, 178, 312, W, [["d5", "90"], ["b4", "32"], ["Bf1", "9"]],[3], 24, 41800
0, Bd1, 103, 313, W, [["Bf4", "86"], ["Ke1", "54"], ["Bb5", "50"]],[], 14, 41800
1, Rxa1, 143, 314, W, [["Rxa1", "45"], ["Bxa1", "39"], ["Be2", "0"]],[2], 25, 41800
0, Bf4, 100, 315, W, [["Ba4", "61"], ["Ke2", "58"], ["Bf4", "52"]],[], 14, 41800
0, Ke3, 136, 316, W, [["g4", "51"], ["Ke3", "30"], ["Nc5", "22"]],[5, -16], 14, 41800
0, c3, 129, 317, W, [["dxe5", "77"], ["c3", "63"], ["a4", "37"]],[], 32, 41800
0, Kxf2, 134, 318, W, [["Bxf2", "25"], ["Kxf2", "8"], ["Kh1", "-10967"]],[], 15, 41800
0, Kg2, 107, 319, W, [["e4", "83"], ["Kg2", "46"], ["Bf3", "59"]],[8, -47], 28, 41800
1, Bd5, 215, 320, W, [["Bd5", "108"], ["Kg2", "65"], ["b5", "66"]],[5, -17, 79], 14, 41800
1, Qe8, 187, 321, W, [["Qe8", "17"], ["Qe4", "-3"], ["Qd3", "-30"]],[25], 13, 41800
1, c5, 118, 322, W, [["c5", "1000"], ["Kb3", "425"], ["Rh3", "508"]],[5], 14, 41800
0, h5, 143, 323, W, [["Rd5", "236"], ["h5", "255"], ["a4", "253"]],[], 18, 41800
1, Rd2, 128, 324, W, [["Rd2", "-5"], ["Ne3", "-71"], ["a4", "-78"]],[24], 26, 41800
0, Be3, 114, 325, W, [["dxc5", "134"], ["h3", "87"], ["Be3", "44"]],[4, -13], 21, 41800
0, Rxd8, 132, 326, W, [["Ne3", "23"], ["Rxd8", "57"], ["Ne5", "49"]],[], 20, 41800
1, a3, 196, 327, W, [["a3", "0"], ["Bc4", "1"], ["Rf1+", "0"]],[196], 12, 41800
0, b4, 126, 328, W, [["Rd8", "-28"], ["Bf1", "-33"], ["b3", "-26"]],[], 26, 41800
1, Qe2, 124, 329, W, [["Qe2", "132"], ["Qf5", "133"], ["Qxb7", "-216"]],[2], 20, 41800
1, Kf2, 123, 330, W, [["Kf2", "30"], ["b3", "-28"], ["Rd8", "-31"]],[5, -37, 75], 26, 41800
1, e5, 145, 331, W, [["e5", "25"], ["Nxb5", "11"], ["Qc2", "27"]],[16, -28, 145], 29, 41800
1, Be2, 130, 332, W, [["Be2", "-31"], ["Nf5+", "-78"], ["Ke2", "-124"]],[15], 24, 41800
0, g4, 148, 333, W, [["Rh7", "56"], ["g4", "43"], ["Re3", "18"]],[5, -14], 18, 41800
0, Ke1, 106, 334, W, [["Bf1", "-30"], ["b4", "-30"], ["Rd8", "-31"]],[], 24, 41800
0, Qc2, 107, 335, W, [["Qd4", "-30"], ["Be5", "-67"], ["a4", "-143"]],[], 30, 41800
1, Ne3, 182, 336, W, [["Ne3", "-9"], ["b3", "-44"], ["Rd8", "-60"]],[4], 26, 41800
0, Kg2, 167, 337, W, [["Kf2", "-4"], ["Kg2", "-29"], ["Be2", "-67"]],[10, -25], 26, 41800
0, Kh1, 114, 338, W, [["Qf4", "3791"], ["Qg3", "3372"], ["Rd1", "3163"]],[], 20, 41800
1, Qe6+, 105, 339, W, [["Qe6+", "35"], ["Qd8+", "-133"], ["c4", "-359"]],[2], 18, 41800
0, f4, 103, 340, W, [["Kg2", "13"], ["h3", "16"], ["f3", "15"]],[], 20, 41800
1, Kb3, 117, 341, W, [["Kb3", "643"], ["Rc2", "507"], ["Rd1", "407"]],[9, -22, 46], 19, 41800
1, Bxb8, 105, 342, W, [["Bxb8", "179"], ["Qb2", "182"], ["Kg2", "70"]],[7, -13, 35, -40, 51], 23, 41800
0, Kf2, 216, 343, W, [["Be5", "14"], ["Rd4", "13"], ["Rf4+", "12"]],[12, -72], 9, 41800
1, Bf4, 126, 344, W, [["Bf4", "229"], ["Bc3", "-9"], ["Qb2", "96"]],[3], 24, 41800
1, Kg2, 118, 345, W, [["Kg2", "19"], ["Be1", "-17"], ["b3", "-20"]],[7], 21, 41800
0, Bd2, 103, 346, W, [["Re2", "237"], ["Kg2", "248"], ["h5", "229"]],[], 26, 41800
1, f3, 131, 347, W, [["f3", "-32"], ["Ra2", "-24"], ["e3", "-33"]],[4, -11, 131], 29, 41800
0, Bg2, 216, 348, W, [["Qb2", "232"], ["Ra1", "171"], ["Re2", "205"]],[], 26, 41800
1, gxf4, 130, 349, W, [["gxf4", "63"], ["Bh3", "-9"], ["Rh1", "3"]],[3], 28, 41800
0, Ree1, 309, 350, W, [["Rde1", "272"], ["Kg2", "283"], ["h5", "253"]],[], 26, 41800
0, Rd3, 138, 351, W, [["Nf3", "96"], ["Rd3", "80"], ["Nc3", "96"]],[], 23, 41800
0, Rd1, 144, 352, W, [["Kg2", "333"], ["h5", "266"], ["Rxe6", "215"]],[], 26, 41800
0, Bc5, 128, 353, W, [["Rab1", "-17"], ["Rfb1", "-9"], ["Ng5", "-6"]],[], 26, 41800
0, Bxd5, 139, 354, W, [["Kg2", "164"], ["Qc1", "142"], ["Bxd5", "114"]],[6, -51], 26, 41800
0, Qb1, 108, 355, W, [["Qc1", "148"], ["Qb1", "163"], ["Qb3", "94"]],[], 26, 41800
1, Nxe5, 122, 356, W, [["Nxe5", "-40"], ["Kh1", "-91"], ["Ne4", "-262"]],[5, -10, 39], 28, 41800
0, Qb2, 125, 357, W, [["Bc1", "180"], ["Bxd5", "136"], ["Bf4", "89"]],[], 26, 41800
1, Rc2, 199, 358, W, [["Rc2", "-8"], ["Rf2+", "-6"], ["Kf2", "-9"]],[4], 7, 41800
0, Bf3, 127, 359, W, [["Qc1", "160"], ["Bxd5", "93"], ["Re2", "128"]],[], 26, 41800
1, d4, 139, 360, W, [["d4", "41"], ["Qe2", "10"], ["Ncd2", "6"]],[7, -33, 55], 28, 41800
0, Qe2, 117, 361, W, [["Bc2", "66"], ["Qe2", "69"], ["Bc4", "0"]],[], 24, 41800
1, a3, 110, 362, W, [["a3", "136"], ["h4", "54"], ["b4", "39"]],[12], 26, 41800
0, Nb4, 144, 363, W, [["Rfa1", "162"], ["Re1", "144"], ["Ra3", "162"]],[], 26, 41800
1, Nb6+, 121, 364, W, [["Nb6+", "187"], ["Qd4", "66"], ["Bd4", "0"]],[3, -19, 25, -67, 97], 24, 41800
1, Qxb6, 103, 365, W, [["Qxb6", "207"], ["Rxa5", "-148"], ["Bh3+", "-18"]],[103], 23, 41800
1, Nce2, 116, 366, W, [["Nce2", "30"], ["Rf1", "0"], ["Bf4", "-8"]],[116], 26, 41800
1, Qd4, 132, 367, W, [["Qd4", "259"], ["Qb4", "252"], ["c4", "95"]],[5], 20, 41800
0, hxg3, 108, 368, W, [["Qe6+", "223"], ["hxg3", "236"], ["Qh3+", "59"]],[], 16, 41800
1, Nf4, 110, 369, W, [["Nf4", "249"], ["Rg3", "151"], ["c4", "-13"]],[8], 20, 41800
1, Ng3, 135, 370, W, [["Ng3", "-22"], ["Bb6", "-69"], ["Bd4", "-60"]],[8], 26, 41800
1, Rcxb4, 108, 371, W, [["Rcxb4", "199"], ["h5", "74"], ["hxg5", "64"]],[67], 15, 41800
0, Qd4, 124, 372, W, [["Qd2", "-51"], ["Bb6", "-75"], ["Qd4", "-10"]],[], 26, 41800
0, Qe2, 104, 373, W, [["Qc2", "12"], ["Qe2", "5"], ["Qf3", "-15"]],[3, -22], 28, 41800
0, N3d4, 104, 374, W, [["Bb2", "76"], ["Be3", "12"], ["Qe2", "3"]],[], 26, 41800
1, Be2 Kg1, 111, 375, W, [["Kg1", "25"], ["Kg2", "31"], ["Nh4", "-21"]],[3], 26, 41800
1, f3, 136, 376, W, [["f3", "110"], ["Bg5", "38"], ["Nb3", "-62"]],[62], 26, 41800
1, hxg3, 120, 377, W, [["hxg3", "27"], ["f5", "-79"], ["Nd5", "-84"]],[2], 25, 41800
0, Rxd3, 150, 378, W, [["Qxd3", "115"], ["Rxd3", "61"], ["Nh6+", "0"]],[], 25, 41800
0, Rd1, 173, 379, W, [["Be3", "98"], ["Bg5", "116"], ["h3", "93"]],[], 30, 41800
1, b5, 147, 380, W, [["b5", "-29"], ["Rxg5", "-91"], ["Bd2", "-33"]],[3], 29, 41800
1, Ba3, 129, 381, W, [["Ba3", "105"], ["Rxb5", "34"], ["c6", "-22"]],[5], 20, 41800
0, Ndf5, 138, 382, W, [["Ne4", "25"], ["Ndf5", "-13"], ["Qf3", "8"]],[3, -20], 28, 41800
0, Qe2, 103, 383, W, [["Nc3", "3"], ["Qe2", "11"], ["a4", "-31"]],[12, -103], 23, 41800
1, Nxd6, 114, 384, W, [["Nxd6", "158"], ["O-O", "38"], ["Rd2", "59"]],[4], 22, 41800
0, d5, 142, 385, W, [["dxc5", "83"], ["a4", "17"], ["Nc3", "-96"]],[], 23, 41800
0, Na4, 108, 386, W, [["dxc6", "10049"], ["Na4", "3753"], ["Nd2", "2016"]],[], 27, 41800
0, Bd2, 118, 387, W, [["Nc3", "-22"], ["e4", "-64"], ["a4", "-90"]],[], 22, 41800
0, Bh3, 140, 388, W, [["Rcd1", "-15"], ["Qd2", "-33"], ["e4", "-78"]],[], 24, 41800
1, Kc5, 143, 389, W, [["Kc5", "233"], ["a5", "168"], ["Qh4+", "200"]],[5, -17, 88], 9, 41800
0, Be4, 205, 390, W, [["Qe2", "33"], ["Be4", "30"], ["Qd4", "15"]],[8, -27], 20, 41800
0, Bc1, 115, 391, W, [["Bc3", "7"], ["f3", "5"], ["Kf1", "3"]],[], 12, 41800
0, Kf3, 154, 392, W, [["Rd3", "118"], ["Kf3", "114"], ["Rb3", "95"]],[6, -16, 38, -154], 10, 41800
0, Be4, 100, 393, W, [["Kg1", "522"], ["Be4", "506"], ["h4", "450"]],[4, -32], 17, 41800
1, b4, 140, 394, W, [["b4", "34"], ["Qe2", "8"], ["Rc1", "15"]],[3], 20, 41800
0, Rd7, 134, 395, W, [["Kg2", "541"], ["Rd7", "496"], ["Bd3", "484"]],[], 17, 41800
0, Bxe5, 118, 396, W, [["Qd2", "71"], ["Bxe5", "37"], ["Be3", "75"]],[5, -13, 26, -44], 21, 41800
0, Re7, 169, 397, W, [["Rb7", "564"], ["Rd3", "545"], ["Rd4", "365"]],[], 17, 41800
0, Bc2, 128, 398, W, [["Bf1", "47"], ["Bc2", "32"], ["Bb1", "23"]],[], 25, 41800
1, Bh3, 164, 399, W, [["Bh3", "0"], ["Bf1", "-35"], ["g4", "-43"]],[3, -4, 82], 18, 41800
0, Bxc4, 108, 400, W, [["Nb1", "71"], ["Nd1", "-111"], ["Bxc4", "-122"]],[], 29, 41800
0, Bxe4, 120, 401, W, [["Nd2", "97"], ["Bxe4", "99"], ["Qe2", "55"]],[5, -17, 82, -120], 26, 41800
0, Be2, 114, 402, W, [["Qxh5", "79"], ["Be2", "5"], ["Bd3", "-24"]],[58, -74], 18, 41800
1, Nc4, 120, 403, W, [["Nc4", "81"], ["Nf1", "58"], ["Bb2", "31"]],[5, -15, 59], 24, 41800
0, Bd2, 125, 404, W, [["Bc3", "84"], ["Bd2", "100"], ["Bb4", "34"]],[], 18, 41800
1, Rxd1, 117, 405, W, [["Rxd1", "59"], ["Qxd1", "22"]],[117], 23, 41800
1, Bb2, 112, 406, W, [["Bb2", "15"], ["Nxe4", "28"], ["Bxc6", "-22"]],[4], 28, 41800
1, Rb5, 106, 407, W, [["Rb5", "105"], ["Bf4", "81"], ["Kxd3", "20"]],[5, -24, 106], 10, 41800
1, Rb4, 131, 408, W, [["Rb4", "219"], ["Qg1", "135"], ["Rb3", "30"]],[23], 20, 41800
1, Qh3, 111, 409, W, [["Qh3", "5"], ["e5", "-231"], ["Rfd1", "-160"]],[4], 26, 41800
0, Bc4, 127, 410, W, [["Qc4", "82"], ["Bxa6", "71"], ["a5", "74"]],[], 21, 41800
1, Nd2, 166, 411, W, [["Nd2", "206"], ["Rfe1", "241"], ["e6", "147"]],[3], 22, 41800
1, Rd8, 100, 412, W, [["Rd8", "412"], ["g5", "244"], ["Kf3", "171"]],[7], 17, 41800
1, Bf4, 120, 413, W, [["Bf4", "131"], ["Kxd3", "32"], ["Be6", "-6"]],[21], 10, 41800
0, Kd3, 110, 414, W, [["Kd4", "202"], ["Kd3", "165"], ["Kf4", "61"]],[5, -14, 66, -110], 9, 41800
0, h3, 453, 415, W, [["Nc5", "7"], ["Rf2", "10"], ["Kh3", "-7"]],[], 16, 41800
0, Nxf6+, 103, 416, W, [["Rfd1", "22"], ["Rac1", "-20"], ["Nd4", "-45"]],[], 27, 41800
0, Nxe6, 135, 417, W, [["Qxg6", "-6"], ["Nxe6", "3"], ["dxc5", "-127"]],[], 26, 41800
1, Nxd4, 137, 418, W, [["Nxd4", "1"], ["exd4", "6"], ["cxd5", "0"]],[3], 31, 41800
0, Bf4, 110, 419, W, [["Ba7", "-28"], ["Be5", "-47"], ["Bf4", "-10"]],[], 24, 41800
1, Bb4, 133, 420, W, [["Bb4", "469"], ["Qe3", "336"], ["Rc1", "329"]],[7, -16, 60], 22, 41800
1, e4, 107, 421, W, [["e4", "47"], ["h5", "-102"], ["Rad1", "-85"]],[45], 28, 41800
1, Rbc1, 109, 422, W, [["Rbc1", "4"], ["Qe1", "15"], ["Rdc1", "8"]],[3, -8, 62], 28, 41800
1, fxe4, 117, 423, W, [["fxe4", "102"], ["Nxe4", "-232"], ["Qe3", "0"]],[57], 27, 41800
0, Rh1, 124, 424, W, [["Ne3", "340"], ["Rh1", "188"], ["Kf3", "171"]],[], 16, 41800
0, Qb3, 132, 425, W, [["Qa5", "89"], ["Qc6", "17"], ["Qd4", "-109"]],[], 19, 41800
0, Kh2, 132, 426, W, [["Bg8+", "-218"], ["Qc4", "-193"], ["Qc2", "-207"]],[], 18, 41800
0, Qb5, 121, 427, W, [["Qc4", "42"], ["Rd7", "41"], ["a4", "34"]],[], 22, 41800
0, Rxd8, 178, 428, W, [["Bxf3", "-12"], ["Rxd8", "-177"], ["Bg8+", "-426"]],[], 18, 41800
0, Qc4, 151, 429, W, [["Bg8+", "-71"], ["Qc4", "-133"], ["Be6", "-79"]],[11, -26], 18, 41800
0, Bf5, 116, 430, W, [["Kd3", "35"], ["Bf5", "33"], ["Kc3", "3"]],[10, -116], 16, 41800
1, h4, 132, 431, W, [["h4", "25"], ["Bxf4+", "13"], ["Kc3", "-28"]],[21], 16, 41800
0, h5, 246, 432, W, [["hxg5", "0"], ["h5", "10"], ["Bc5", "-114"]],[75, -246], 16, 41800
1, Re5, 117, 433, W, [["Re5", "413"], ["Re2", "339"], ["Qe5", "274"]],[21], 18, 41800
1, Nc6, 103, 434, W, [["Nc6", "74"], ["Rdc1", "41"], ["Rcc1", "23"]],[6, -19, 67], 28, 41800
0, Be2, 113, 435, W, [["Bc4", "73"], ["Bd3", "34"], ["Ra4", "36"]],[], 22, 41800
0, Bxd8, 114, 436, W, [["hxg3", "103"], ["Bxd8", "117"], ["Be5+", "44"]],[], 23, 41800
1, a4, 118, 437, W, [["a4", "27"], ["O-O", "6"], ["Qd2", "-10"]],[4, -9, 118], 30, 41800
0, Bf6, 252, 438, W, [["Re5", "103"], ["Rxe8", "90"], ["Bf6", "102"]],[9, -15], 24, 41800
0, Ba5, 106, 439, W, [["bxc4", "34"], ["Ba5", "22"], ["Rdc1", "24"]],[], 28, 41800
1, Qh8, 113, 440, W, [["Qh8", "766"], ["Rh1", "729"], ["Qc5", "475"]],[6, -23, 63], 16, 41800
0, a4, 117, 441, W, [["Re1", "163"], ["g4", "92"], ["a4", "105"]],[], 14, 41800
0, Qxf4, 126, 442, W, [["a3", "124"], ["Qxf4", "76"], ["Re2", "82"]],[15, -26], 24, 41800
1, Qd3, 101, 443, W, [["Qd3", "164"], ["Qe2", "148"], ["Qe3", "42"]],[10, -32, 52], 24, 41800
0, Nf5+, 113, 444, W, [["Rf3", "470"], ["Nf5+", "432"], ["Be8", "334"]],[5, -12], 16, 41800
0, Qe2, 137, 445, W, [["Kb2", "126"], ["Qe2", "123"], ["Qe3", "129"]],[21, -80], 24, 41800
0, f4, 147, 446, W, [["Rd2", "84"], ["Qf3", "35"], ["Ng3", "-13"]],[], 26, 41800
1, Re4, 115, 447, W, [["Re4", "125"], ["Kb2", "113"], ["a4", "123"]],[4], 24, 41800
0, Nb6, 127, 448, W, [["Rc1", "228"], ["Ke2", "234"], ["b5", "166"]],[5, -23], 19, 41800
1, Kb2, 210, 449, W, [["Kb2", "170"], ["Be4", "171"], ["a4", "155"]],[4], 24, 41800
1, Rad1, 128, 450, W, [["Rad1", "43"], ["Nd4", "13"], ["Red1", "28"]],[66], 20, 41800
1, Rb4, 206, 451, W, [["Rb4", "200"], ["Kb2", "179"], ["f4", "138"]],[17], 24, 41800
1, Rf8, 126, 452, W, [["Rf8", "516"], ["Be4", "123"], ["Rf6", "46"]],[4, -12, 17], 10, 41800
0, Qe4, 221, 453, W, [["Be4", "138"], ["a4", "130"], ["Qe2", "165"]],[], 24, 41800
1, Nb1, 110, 454, W, [["Nb1", "43"], ["e5", "49"], ["a5", "11"]],[4], 31, 41800
0, Qd3, 215, 455, W, [["Kb2", "101"], ["Qd3", "110"], ["a4", "103"]],[], 24, 41800
0, Rd3, 122, 456, W, [["Kh3", "103"], ["Rd3", "92"], ["Rd1", "72"]],[], 17, 41800
1, Rb3, 153, 457, W, [["Rb3", "7"], ["Rc1", "13"], ["Rd1", "5"]],[4, -14, 153], 20, 41800
1, Bc2, 122, 458, W, [["Bc2", "60"], ["h3", "-61"], ["Ra6", "3"]],[6, -29, 60], 28, 41800
0, Rxb6, 166, 459, W, [["Qf3", "14"], ["Rxb6", "11"], ["Rd1", "-1"]],[18, -166], 20, 41800
0, b3, 115, 460, W, [["Bf4", "-43"], ["Nd1", "-15"], ["h3", "-29"]],[], 28, 41800
0, Qh7, 109, 461, W, [["Rh7", "89"], ["Rg6", "134"], ["Rh5", "92"]],[], 16, 41800
0, b4, 170, 462, W, [["b3", "20"], ["b4", "1"], ["Rb1", "-7"]],[4, -88], 26, 41800
0, Rh7, 107, 463, W, [["Qe6", "177"], ["Rh7", "178"], ["Qe4", "130"]],[], 16, 41800
0, Nf4, 102, 464, W, [["Rb2", "112"], ["Rb1", "111"], ["Rd3", "101"]],[], 21, 41800
0, Bxd4, 116, 465, W, [["h6", "21"], ["Rc1", "-175"], ["Bxd4", "-179"]],[], 16, 41800
0, Bd3, 158, 466, W, [["Nd5", "170"], ["Kh2", "149"], ["Kg2", "140"]],[], 26, 41800
0, Be4, 110, 467, W, [["h6", "-118"], ["Be4", "-274"], ["Ra4", "-457"]],[], 14, 41800
0, Kf1, 103, 468, W, [["Rd1", "87"], ["Kf1", "60"], ["a4", "14"]],[], 26, 41800
1, h6, 149, 469, W, [["h6", "-71"], ["Bxc2", "-272"], ["Rc1", "-725"]],[4], 14, 41800
0, Rc4, 100, 470, W, [["Kf2", "153"], ["Ne4", "134"], ["a4", "172"]],[], 26, 41800
0, Qc4, 109, 471, W, [["Ke2", "10610"], ["Kc2", "10151"], ["Ke1", "10049"]],[], 11, 41800
1, c4, 108, 472, W, [["c4", "86"], ["a3", "71"], ["Bg2", "78"]],[3], 24, 41800
0, Qxg3, 164, 473, W, [["hxg3", "115"], ["Rxe8", "73"], ["Qxg3", "-37"]],[], 21, 41800
1, Rd3, 141, 474, W, [["Rd3", "109"], ["d5", "111"], ["Rb4", "-6"]],[2], 21, 41800
0, Bh3, 150, 475, W, [["Nd4", "-142"], ["Nf4", "-179"], ["Kb1", "-140"]],[], 20, 41800
1, O-O, 122, 476, W, [["O-O", "84"], ["Bg5", "97"], ["h3", "82"]],[3], 32, 41800
1, Rc1, 139, 477, W, [["Rc1", "95"], ["Rb1", "45"], ["Qe2", "23"]],[79], 22, 41800
1, Ke1, 106, 478, W, [["Ke1", "-1"], ["Ke3", "-44"], ["Kf1", "-49"]],[9, -73, 106], 16, 41800
1, Nc3, 108, 479, W, [["Nc3", "-9"], ["Bh3", "6"], ["Qc3", "-33"]],[5, -24, 51], 21, 41800
1, Bxd5, 116, 480, W, [["Bxd5", "12"], ["Nxd4", "-1"], ["cxd4", "-79"]],[5, -7, 10], 29, 41800
0, e5, 129, 481, W, [["Re3", "196"], ["e5", "205"], ["Bg2", "79"]],[12, -27], 16, 41800
1, f5, 105, 482, W, [["f5", "98"], ["Bb3", "67"], ["Be2", "43"]],[6, -23, 49], 28, 41800
0, Nxc3, 119, 483, W, [["Rxg6", "69"], ["h8=Q", "-30"], ["Qd3", "100"]],[], 19, 41800
0, h4, 142, 484, W, [["g3", "31"], ["h4", "24"], ["Re1", "2"]],[8, -27], 28, 41800
1, Rae2, 105, 485, W, [["Rae2", "-20"], ["Nxc5", "-110"], ["Bh3", "-119"]],[12], 30, 41800
1, Ba4, 139, 486, W, [["Ba4", "33"], ["Nb1", "43"], ["Ra1", "-4"]],[8], 28, 41800
0, a4, 100, 487, W, [["b3", "24"], ["b4", "25"], ["a4", "-12"]],[11, -15], 32, 41800
1, Nfd2, 113, 488, W, [["Nfd2", "-40"], ["Ra1", "-90"], ["Bd1", "-223"]],[6], 30, 41800
0, Nb1, 184, 489, W, [["Ra7", "290"], ["Be6", "194"], ["Nd5", "259"]],[], 23, 41800
1, Qb5, 156, 490, W, [["Qb5", "-64"], ["g4", "-132"], ["Qd1", "-183"]],[4, -11, 15], 27, 41800
0, Bd3, 138, 491, W, [["Nd2", "53"], ["Bd3", "69"], ["Be2", "52"]],[3, -17], 32, 41800
1, Bb5, 111, 492, W, [["Bb5", "-94"], ["g4", "-204"], ["Kf2", "-206"]],[111], 25, 41800
1, Bc4, 118, 493, W, [["Bc4", "20"], ["Bh5", "-186"], ["Rb3", "-637"]],[53], 23, 41800
0, f4, 172, 494, W, [["Qf3", "44"], ["h4", "2"], ["Qg3", "-41"]],[], 27, 41800
1, b4, 106, 495, W, [["b4", "206"], ["Nc5", "120"], ["Ke4", "105"]],[82], 16, 41800
1, Nxb3, 156, 496, W, [["Nxb3", "46"], ["Qb1", "-116"], ["Qxb3", "0"]],[7], 29, 41800
1, Qb3+, 120, 497, W, [["Qb3+", "330"], ["Rc1", "252"], ["Bxc6", "182"]],[4], 15, 41800
1, Qd3, 192, 498, W, [["Qd3", "29"], ["Qd1", "10"], ["Qb1", "0"]],[192], 27, 41800
0, Bf2, 127, 499, W, [["b3", "112"], ["Qe2", "64"], ["b4", "35"]],[], 30, 41800
1, Ra1, 115, 500, W, [["Ra1", "47"], ["Nxc4", "-65"], ["Bd1", "-182"]],[94], 30, 41800
0, Bb5, 166, 501, W, [["Rd7", "51"], ["Bb5", "56"], ["Bb3", "47"]],[], 20, 41800
0, Nh4, 104, 502, W, [["Kf2", "-77"], ["Nh4", "-91"], ["Bb5", "-93"]],[9, -19], 26, 41800
0, g3, 118, 503, W, [["Qf4", "53"], ["g3", "49"], ["Rxe8+", "58"]],[4, -43], 24, 41800
1, a4, 111, 504, W, [["a4", "113"], ["Be2", "78"], ["h4", "75"]],[4], 26, 41800
1, Ra8, 131, 505, W, [["Ra8", "34"], ["Bg3", "-61"], ["Rh2+", "4"]],[3, -6, 13], 12, 41800
1, Qf3, 155, 506, W, [["Qf3", "179"], ["Rb1", "115"], ["Be1", "68"]],[11], 26, 41800
1, Nxf6+, 120, 507, W, [["Nxf6+", "101"], ["Qxd6", "23"], ["Ne3", "-100"]],[6], 21, 41800
1, Qg4, 111, 508, W, [["Qg4", "112"], ["Bh6", "-120"], ["Nxg6", "-164"]],[15], 25, 41800
0, Re2, 112, 509, W, [["Re3", "200"], ["Re4", "206"], ["h4", "168"]],[], 21, 41800
0, gxf4, 152, 510, W, [["d5", "-73"], ["Re1", "-145"], ["Qc3", "-193"]],[5, -15], 14, 41800
1, Ng6, 117, 511, W, [["Ng6", "135"], ["Qxg7", "-126"], ["Nd5", "-265"]],[9, -13, 31], 21, 41800
1, h5, 108, 512, W, [["h5", "-12"], ["Kf2", "-14"], ["Rc8+", "-18"]],[15], 11, 41800
1, Rd3, 122, 513, W, [["Rd3", "26"], ["Rd2", "47"], ["Kh2", "-18"]],[6], 24, 41800
0, Qd2, 144, 514, W, [["Rad1", "111"], ["b3", "71"], ["Kf1", "35"]],[], 24, 41800
0, O-O-O, 129, 515, W, [["Be2", "129"], ["O-O-O", "146"], ["Qd2", "76"]],[], 30, 41800
1, Ne4, 154, 516, W, [["Ne4", "39"], ["Qe3", "31"], ["a4", "-17"]],[5, -27, 49], 26, 41800
1, Nc5+, 188, 517, W, [["Nc5+", "41"], ["Bxc6", "-1"], ["Ng5+", "11"]],[24], 18, 41800
1, Qe3, 110, 518, W, [["Qe3", "83"], ["b3", "-7"], ["a4", "30"]],[26], 26, 41800
1, Qc3, 138, 519, W, [["Qc3", "60"], ["b5", "33"], ["Na5", "51"]],[14], 26, 41800
1, Qe2, 133, 520, W, [["Qe2", "30"], ["Rd2", "52"], ["a4", "22"]],[5], 24, 41800
0, h4, 126, 521, W, [["h3", "73"], ["h4", "76"], ["Nd2", "74"]],[4, -8], 26, 41800
0, Re5, 117, 522, W, [["d7+", "382"], ["b5", "142"], ["Rf1", "33"]],[], 24, 41800
0, Bd2, 124, 523, W, [["Nxf6", "60"], ["Bd2", "42"], ["c3", "16"]],[15, -19, 40, -82], 23, 41800
0, R8h7, 161, 524, W, [["Rxf8", "139"], ["R8h7", "154"], ["R5h7", "177"]],[25, -35], 18, 41800
0, Rg2, 177, 525, W, [["Re4", "16"], ["Rd4", "23"], ["Rg1", "6"]],[], 16, 41800
0, Qd2, 129, 526, W, [["Bxd5", "1116"], ["Rd4", "170"], ["Qd2", "143"]],[28, -32], 25, 41800
1, Ka1, 153, 527, W, [["Ka1", "-99"], ["Ne2", "-115"], ["Qb4", "-197"]],[65], 26, 41800
0, Bf4, 123, 528, W, [["Rd4", "187"], ["Bxd5", "141"], ["Rb1", "152"]],[], 25, 41800
0, f3, 117, 529, W, [["Rac1", "21"], ["Rab1", "18"], ["f3", "-9"]],[5, -22], 28, 41800
0, Bd3, 131, 530, W, [["g4", "29"], ["Bd3", "11"], ["Rhf1", "-63"]],[], 23, 41800
0, Kd2, 112, 531, W, [["Ke1", "-42"], ["Be2", "-22"], ["Kd2", "-82"]],[], 18, 41800
0, Qe2, 110, 532, W, [["Rd2", "16"], ["Rhf1", "20"], ["Rc1", "0"]],[], 23, 41800
1, Kc3, 127, 533, W, [["Kc3", "-78"], ["Re2", "-238"], ["Kd4", "-173"]],[3], 11, 41800
0, Re3, 120, 534, W, [["exf6", "307"], ["Bc2", "95"], ["Re3", "91"]],[], 25, 41800
0, a5, 130, 535, W, [["Bxa6", "136"], ["a5", "107"], ["Kb3", "38"]],[13, -52], 15, 41800
1, R5h6, 101, 536, W, [["R5h6", "139"], ["Rh1", "89"], ["Qe4", "87"]],[4], 18, 41800
1, Rd7, 117, 537, W, [["Rd7", "247"], ["g5", "98"], ["Re7", "148"]],[117], 18, 41800
0, Ne6, 104, 538, W, [["Qf1", "16"], ["Qg1", "-48"], ["Qg2", "-14"]],[], 23, 41800
1, Re7, 129, 539, W, [["Re7", "137"], ["Qxg6", "67"], ["Rg7", "99"]],[45], 20, 41800
1, g4, 109, 540, W, [["g4", "247"], ["Nf5", "170"], ["h4", "88"]],[109], 20, 41800
0, Qg4, 102, 541, W, [["Rf7", "175"], ["Qg4", "148"], ["Qd3", "144"]],[27, -56, 79, -102], 20, 41800
0, Rac1, 105, 542, W, [["Nb5", "355"], ["Rac1", "13"], ["a3", "-40"]],[10, -45], 23, 41800
1, Bxb7, 105, 543, W, [["Bxb7", "41"], ["bxa6", "20"], ["Rc7", "27"]],[3, -14, 47], 18, 41800
1, Nb5, 119, 544, W, [["Nb5", "64"], ["Nc4", "32"], ["Nc2", "-27"]],[4], 28, 41800
0, Rhf1, 104, 545, W, [["gxf6", "59"], ["Rhg1", "-10"], ["Qb3", "39"]],[], 24, 41800
1, Bf1, 134, 546, W, [["Bf1", "209"], ["Nd6+", "173"], ["Rac1", "91"]],[19], 26, 41800
1, Qxh2+, 100, 547, W, [["Qxh2+", "57"], ["Qe2", "35"], ["Qd3", "-35"]],[6, -11, 100], 20, 41800
0, Qd2, 142, 548, W, [["Kxh2", "63"], ["Rf6", "20"], ["d5", "1"]],[], 20, 41800
1, Rf1, 105, 549, W, [["Rf1", "8"], ["Qe4", "-85"], ["Be4", "-194"]],[10], 20, 41800
0, Qd4, 171, 550, W, [["Qxh5+", "12059"], ["Qf4", "11484"], ["Qe7", "11959"]],[], 17, 41800
0, g5, 100, 551, W, [["Qb3", "127"], ["Rh6", "-24"], ["g5", "-18"]],[], 20, 41800
1, Nd5, 124, 552, W, [["Nd5", "61"], ["Kf1", "7"], ["b4", "-6"]],[3], 22, 41800
1, h3, 113, 553, W, [["h3", "29"], ["Bxf6", "0"], ["Qg5", "41"]],[37], 18, 41800
0, Be4, 136, 554, W, [["c4", "119"], ["a3", "80"], ["a4", "80"]],[], 24, 41800
0, f3, 127, 555, W, [["Nxc4", "-17"], ["f3", "-3"], ["Nb5", "-31"]],[], 26, 41800
0, Bd5, 320, 556, W, [["b3", "66"], ["Qe2", "58"], ["Bd5", "53"]],[], 24, 41800
1, Re1, 114, 557, W, [["Re1", "79"], ["Qxc4", "0"], ["Nd5", "-134"]],[3], 24, 41800
0, h4, 242, 558, W, [["b3", "78"], ["a3", "86"], ["Qe2", "106"]],[], 24, 41800
0, bxc6, 126, 559, W, [["Qc1", "40"], ["b6", "12"], ["g5", "22"]],[], 16, 41800
1, Rhd1, 122, 560, W, [["Rhd1", "75"], ["b3", "64"], ["Re1", "64"]],[31], 24, 41800
0, Qd3, 150, 561, W, [["Rc1", "64"], ["Qd3", "43"], ["b3", "40"]],[], 22, 41800
1, Rd2, 307, 562, W, [["Rd2", "71"], ["Rhe1", "56"], ["Rhf1", "45"]],[6], 24, 41800
0, Rb6, 103, 563, W, [["Ka2", "331"], ["Be4", "336"], ["Re6", "314"]],[], 11, 41800
0, Kf1, 113, 564, W, [["Re6", "147"], ["Nb6", "121"], ["Qc6", "76"]],[], 19, 41800
0, Qf3, 101, 565, W, [["Nxc5", "96"], ["Qd3", "74"], ["h5", "-92"]],[], 19, 41800
0, Qc2 Rd1, 116, 566, W, [["Bxd5", "845"], ["Rd4", "160"], ["Rd1", "93"]],[], 25, 41800
1, Rd3, 120, 567, W, [["Rd3", "22"], ["c4", "-2"], ["Rb1", "5"]],[13], 22, 41800
1, Rb1, 122, 568, W, [["Rb1", "13"], ["Be2", "-8"], ["Qb2", "-12"]],[5, -13, 75], 30, 41800
0, c4, 175, 569, W, [["Bf3", "78"], ["c4", "77"], ["Bf4", "89"]],[12, -79], 26, 41800
1, Bd5, 116, 570, W, [["Bd5", "105"], ["g3", "52"], ["Bd3", "14"]],[5], 22, 41800
1, Rhe3, 129, 571, W, [["Rhe3", "48"], ["a4", "29"], ["Rhf3", "17"]],[17, -50, 94], 24, 41800
1, h5, 106, 572, W, [["h5", "29"], ["a4", "31"], ["Rc3", "17"]],[4], 24, 41800
1, c4, 104, 573, W, [["c4", "73"], ["Rhe1", "64"], ["Kb1", "47"]],[11, -24, 58], 26, 41800
1, h7, 122, 574, W, [["h7", "-56"], ["Rxb4", "-85"], ["Rh3", "-252"]],[122], 24, 41800
0, Kd3, 101, 575, W, [["Kc3", "99"], ["Kd3", "37"], ["Kc2", "60"]],[25, -49], 10, 41800
0, Re1, 127, 576, W, [["a5", "192"], ["e5", "69"], ["Re1", "123"]],[], 25, 41800
0, Bd2, 135, 577, W, [["Be3", "53"], ["Bh4", "17"], ["Bd2", "49"]],[], 26, 41800
0, Nd1, 177, 578, W, [["Nb5", "92"], ["Ne2", "21"], ["Nd1", "16"]],[], 25, 41800
0, Rab1, 106, 579, W, [["b3", "-9"], ["c3", "-6"], ["Rab1", "-29"]],[], 26, 41800
0, Ng6+, 187, 580, W, [["Be3", "94"], ["Ng6+", "86"], ["Rad1", "67"]],[5, -15], 28, 41800
0, a6, 122, 581, W, [["dxe5", "93"], ["Be2", "63"], ["a6", "133"]],[], 26, 41800
0, Nxb6, 106, 582, W, [["b3", "58"], ["Qf3", "57"], ["Qe2", "46"]],[], 28, 41800
0, Be2, 106, 583, W, [["Qb3", "86"], ["Bd4", "100"], ["Bg2", "-37"]],[], 25, 41800
0, b4, 112, 584, W, [["Bc4", "0"], ["Nc3", "-10"], ["Nf3", "-4"]],[], 32, 41800
0, Rf1, 106, 585, W, [["Re1", "16"], ["Rg1", "-32"], ["Bf3", "-34"]],[], 25, 41800
0, Ne6, 114, 586, W, [["hxg6", "204"], ["Qh4", "-109"], ["Rdf1", "-140"]],[], 21, 41800
0, c4, 108, 587, W, [["O-O", "-3"], ["Bd4", "-31"], ["c4", "19"]],[], 30, 41800
1, f5, 128, 588, W, [["f5", "236"], ["Bh3", "53"], ["Bf1", "34"]],[4], 24, 41800
1, c5, 113, 589, W, [["c5", "46"], ["cxd5", "-23"], ["Rc1", "-113"]],[4, -10, 21], 28, 41800
0, Be5, 116, 590, W, [["Nf4", "91"], ["Kg2", "26"], ["Rxc8", "20"]],[], 26, 41800
0, Qa4, 114, 591, W, [["Rfd1", "125"], ["Qa4", "84"], ["h3", "81"]],[7, -114], 23, 41800
0, Be3, 101, 592, W, [["Nd5", "37"], ["Rb1", "46"], ["Bg5", "27"]],[], 32, 41800
0, Bxh5, 125, 593, W, [["Bxd4", "-22"], ["Bxh5", "-184"], ["h3", "-176"]],[6, -16, 33, -39], 25, 41800
0, Bxd4, 157, 594, W, [["Bg5", "61"], ["Bd2", "29"], ["Bxd4", "-62"]],[], 22, 41800
0, Bg2, 113, 595, W, [["a3", "18"], ["Bg2", "12"], ["Rc7+", "-50"]],[], 22, 41800
0, c6, 100, 596, W, [["Bxg4", "-31"], ["Bd4", "-111"], ["b5", "-9"]],[], 28, 41800
0, Bf4, 132, 597, W, [["e4", "12"], ["Rc1", "-27"], ["Ra1", "-121"]],[], 26, 41800
0, exf6, 130, 598, W, [["Bxd4", "-145"], ["exf6", "-121"], ["Rae1", "-317"]],[11, -130], 24, 41800
0, g3, 109, 599, W, [["Bd2", "87"], ["Qd2", "104"], ["g3", "15"]],[], 26, 41800
1, Bxd4, 117, 600, W, [["Bxd4", "-81"], ["cxb7", "-147"], ["Rag1", "-244"]],[70], 22, 41800
1, h5, 141, 601, W, [["h5", "60"], ["Rd2", "10"], ["f3", "-70"]],[28], 25, 41800
1, h7, 114, 602, W, [["h7", "59"], ["Rb1", "74"], ["Rh3", "47"]],[114], 26, 41800
0, a4, 113, 603, W, [["h6", "100"], ["Ng3", "2"], ["Rh3", "-35"]],[], 26, 41800
0, Bxb4, 161, 604, W, [["b7", "45"], ["Qc2", "-12"], ["Bxb4", "-25"]],[], 17, 41800
0, Bh5, 144, 605, W, [["Rbf3", "147"], ["Bh5", "102"], ["Bxa6", "56"]],[], 20, 41800
0, Bxb7, 135, 606, W, [["bxc4", "186"], ["Bxb7", "-5"], ["Rxc4", "-44"]],[2, -48], 22, 41800
0, Qd3, 152, 607, W, [["Qg5", "6"], ["Qd3", "-59"], ["Nxc3", "-146"]],[82, -152], 21, 41800
0, Nc4, 114, 608, W, [["e6", "66"], ["a5", "73"], ["axb5", "1"]],[], 28, 41800
0, Rce1, 108, 609, W, [["Nxc5", "156"], ["Rce1", "-1"], ["Qd3", "-75"]],[48, -71], 19, 41800
0, Rd2, 111, 610, W, [["Rfe1", "29"], ["Rd2", "58"], ["a3", "20"]],[17, -41], 24, 41800
0, Qd2, 121, 611, W, [["Qf3", "22"], ["Rc3", "38"], ["Rc2", "58"]],[], 22, 41800
0, Bxf6, 102, 612, W, [["Bd2", "-34"], ["Be3", "-24"], ["Bxf6", "-17"]],[], 32, 41800
0, Kf3, 104, 613, W, [["Qc3", "-42"], ["Kf3", "-17"], ["Rd1", "-122"]],[], 20, 41800
0, Qd2, 142, 614, W, [["Rd1", "14"], ["Qd2", "-1"], ["Qc1", "-5"]],[4, -11], 20, 41800
0, a4, 133, 615, W, [["Nb3", "31"], ["Nh4", "9"], ["a4", "-2"]],[], 30, 41800
0, Rdd1, 120, 616, W, [["Rc4", "42"], ["Rdd1", "-8"], ["f3", "-61"]],[], 18, 41800
0, Qa5, 100, 617, W, [["Bf3", "96"], ["Qa5", "82"], ["Bh5", "121"]],[], 23, 41800
0, Rf5, 131, 618, W, [["Bxd8", "-75"], ["Qxe4", "-266"], ["Rf5", "-233"]],[], 26, 41800
1, Qd2, 167, 619, W, [["Qd2", "-38"], ["Qe2", "-131"], ["Na4", "-1216"]],[3, -22, 36], 26, 41800
0, Rd3, 305, 620, W, [["Bxd5", "807"], ["Qb2", "163"], ["Rd1", "131"]],[], 25, 41800
1, Rxe6, 122, 621, W, [["Rxe6", "69"], ["Bxg6", "-150"], ["Be1", "-286"]],[122], 21, 41800
0, Qc1, 100, 622, W, [["Kf3", "16"], ["Qc3", "-21"], ["Qb4", "-45"]],[], 20, 41800
1, Qa4, 144, 623, W, [["Qa4", "-12"], ["Qa2", "-21"], ["Qb5", "-61"]],[5], 21, 41800
0, Rxd4, 106, 624, W, [["Qxd4", "60"], ["Rxd4", "43"], ["Nxd5", "0"]],[], 27, 41800
0, Ke3, 118, 625, W, [["Rxc4", "-119"], ["Ng8", "-97"], ["Ke2", "-127"]],[], 18, 41800
1, h4, 106, 626, W, [["h4", "62"], ["a3", "41"], ["Rhf1", "53"]],[3, -6, 29], 28, 41800
1, Nh5, 100, 627, W, [["Nh5", "83"], ["f4", "12"], ["Kh2", "-46"]],[11], 22, 41800
0, Qd2, 109, 628, W, [["Bf3", "66"], ["a3", "50"], ["Qd3", "30"]],[], 26, 41800
1, Nc4, 144, 629, W, [["Nc4", "36"], ["Kh2", "-131"], ["Rf3", "-90"]],[4], 28, 41800
